Using pre-set license
Built from '2020.3/staging' branch; Version is '2020.3.30f1 (1fb1bf06830e) revision 2077119'; Using compiler version '192528614'; Build Type 'Release'
OS: 'Windows 10  (10.0.19044) 64bit CoreSingleLanguage' Language: 'es' Physical Memory: 16185 MB
BatchMode: 1, IsHumanControllingUs: 0, StartBugReporterOnCrash: 0, Is64bit: 1, IsPro: 0

COMMAND LINE ARGUMENTS:
D:\UnityEdit\2020.3.30f1\Editor\Unity.exe
-adb2
-batchMode
-noUpm
-name
AssetImportWorker0
-projectPath
D:/Diego/Proyecto3D/INTER-PROJECT/INTER
-logFile
Logs/AssetImportWorker0.log
-srvPort
64140
Successfully changed project path to: D:/Diego/Proyecto3D/INTER-PROJECT/INTER
D:/Diego/Proyecto3D/INTER-PROJECT/INTER
Using Asset Import Pipeline V2.
Refreshing native plugins compatible for Editor in 40.99 ms, found 2 plugins.
Preloading 0 native plugins for Editor in 0.00 ms.
Initialize engine version: 2020.3.30f1 (1fb1bf06830e)
[Subsystems] Discovering subsystems at path D:/UnityEdit/2020.3.30f1/Editor/Data/Resources/UnitySubsystems
[Subsystems] Discovering subsystems at path D:/Diego/Proyecto3D/INTER-PROJECT/INTER/Assets
GfxDevice: creating device client; threaded=0
Direct3D:
    Version:  Direct3D 11.0 [level 11.1]
    Renderer: NVIDIA GeForce GTX 1660 Ti with Max-Q Design (ID=0x2191)
    Vendor:   
    VRAM:     5991 MB
    Driver:   30.0.15.1179
Initialize mono
Mono path[0] = 'D:/UnityEdit/2020.3.30f1/Editor/Data/Managed'
Mono path[1] = 'D:/UnityEdit/2020.3.30f1/Editor/Data/MonoBleedingEdge/lib/mono/unityjit'
Mono config path = 'D:/UnityEdit/2020.3.30f1/Editor/Data/MonoBleedingEdge/etc'
Using monoOptions --debugger-agent=transport=dt_socket,embedding=1,server=y,suspend=n,address=127.0.0.1:56848
Begin MonoManager ReloadAssembly
Registering precompiled unity dll's ...
Register platform support module: D:/UnityEdit/2020.3.30f1/Editor/Data/PlaybackEngines/WindowsStandaloneSupport/UnityEditor.WindowsStandalone.Extensions.dll
Registered in 0.001337 seconds.
Native extension for WindowsStandalone target not found
Refreshing native plugins compatible for Editor in 35.80 ms, found 2 plugins.
Preloading 0 native plugins for Editor in 0.00 ms.
Mono: successfully reloaded assembly
- Completed reload, in  0.700 seconds
Domain Reload Profiling:
	ReloadAssembly (700ms)
		BeginReloadAssembly (94ms)
			ExecutionOrderSort (0ms)
			DisableScriptedObjects (0ms)
			BackupInstance (0ms)
			ReleaseScriptingObjects (0ms)
			CreateAndSetChildDomain (1ms)
		EndReloadAssembly (521ms)
			LoadAssemblies (93ms)
			RebuildTransferFunctionScriptingTraits (0ms)
			SetupTypeCache (184ms)
			ReleaseScriptCaches (0ms)
			RebuildScriptCaches (38ms)
			SetupLoadedEditorAssemblies (183ms)
				LogAssemblyErrors (0ms)
				InitializePlatformSupportModulesInManaged (5ms)
				SetLoadedEditorAssemblies (0ms)
				RefreshPlugins (36ms)
				BeforeProcessingInitializeOnLoad (20ms)
				ProcessInitializeOnLoadAttributes (90ms)
				ProcessInitializeOnLoadMethodAttributes (32ms)
				AfterProcessingInitializeOnLoad (0ms)
				EditorAssembliesLoaded (0ms)
			ExecutionOrderSort2 (0ms)
			AwakeInstancesAfterBackupRestoration (0ms)
Platform modules already initialized, skipping
Registering precompiled user dll's ...
Registered in 0.002768 seconds.
Begin MonoManager ReloadAssembly
Native extension for WindowsStandalone target not found
Refreshing native plugins compatible for Editor in 0.36 ms, found 2 plugins.
Preloading 0 native plugins for Editor in 0.00 ms.
Mono: successfully reloaded assembly
- Completed reload, in  1.128 seconds
Domain Reload Profiling:
	ReloadAssembly (1129ms)
		BeginReloadAssembly (193ms)
			ExecutionOrderSort (0ms)
			DisableScriptedObjects (6ms)
			BackupInstance (0ms)
			ReleaseScriptingObjects (0ms)
			CreateAndSetChildDomain (24ms)
		EndReloadAssembly (873ms)
			LoadAssemblies (123ms)
			RebuildTransferFunctionScriptingTraits (0ms)
			SetupTypeCache (298ms)
			ReleaseScriptCaches (0ms)
			RebuildScriptCaches (47ms)
			SetupLoadedEditorAssemblies (327ms)
				LogAssemblyErrors (0ms)
				InitializePlatformSupportModulesInManaged (5ms)
				SetLoadedEditorAssemblies (1ms)
				RefreshPlugins (0ms)
				BeforeProcessingInitializeOnLoad (82ms)
				ProcessInitializeOnLoadAttributes (226ms)
				ProcessInitializeOnLoadMethodAttributes (10ms)
				AfterProcessingInitializeOnLoad (2ms)
				EditorAssembliesLoaded (0ms)
			ExecutionOrderSort2 (0ms)
			AwakeInstancesAfterBackupRestoration (7ms)
Platform modules already initialized, skipping
========================================================================
Worker process is ready to serve import requests
Launched and connected shader compiler UnityShaderCompiler.exe after 0.09 seconds
Refreshing native plugins compatible for Editor in 0.59 ms, found 2 plugins.
Preloading 0 native plugins for Editor in 0.00 ms.
Unloading 1502 Unused Serialized files (Serialized files now loaded: 0)
System memory in use before: 67.7 MB.
System memory in use after: 67.8 MB.

Unloading 16 unused Assets to reduce memory usage. Loaded Objects now: 1937.
Total: 3.107400 ms (FindLiveObjects: 0.144500 ms CreateObjectMapping: 0.058100 ms MarkObjects: 2.833500 ms  DeleteObjects: 0.070500 ms)

AssetImportParameters requested are different than current active one (requested -> active):
  custom:framework-win-MediaFoundation: 216162199b28c13a410421893ffa2e32 -> 
  custom:video-decoder-ogg-theora: a1e56fd34408186e4bbccfd4996cb3dc -> 
  custom:container-muxer-webm: aa71ff27fc2769a1b78a27578f13a17b -> 
  custom:container-demuxer-webm: 4f35f7cbe854078d1ac9338744f61a02 -> 
  custom:container-demuxer-ogg: 62fdf1f143b41e24485cea50d1cbac27 -> 
  custom:video-encoder-webm-vp8: eb34c28f22e8b96e1ab97ce403110664 -> 
  custom:video-codec-MediaFoundation-h265: 746d11721c4dcdbdad8f713fa42b33f4 -> 
  custom:video-decoder-webm-vp8: 9c59270c3fd7afecdb556c50c9e8de78 -> 
  custom:audio-decoder-ogg-vorbis: bf7c407c2cedff20999df2af8eb42d56 -> 
  custom:audio-encoder-webm-vorbis: bf7c407c2cedff20999df2af8eb42d56 -> 
========================================================================
Received Import Request.
  path: Assets/FBX INTER/FBX Diego/Silla para proyecto Variant.prefab
  artifactKey: Guid(91c6a641482f1c3448d12e1b6dbf3757) Importer(815301076,1909f56bfc062723c751e8b465ee728b)
Start importing Assets/FBX INTER/FBX Diego/Silla para proyecto Variant.prefab using Guid(91c6a641482f1c3448d12e1b6dbf3757) Importer(815301076,1909f56bfc062723c751e8b465ee728b)  -> (artifact id: '2e5efa155ecd08e421f1d586ddbcd077') in 0.076196 seconds 
========================================================================
Received Import Request.
  Time since last request: 231.858960 seconds.
  path: Assets/FBX INTER/FBX Diego/Escritorio .fbx
  artifactKey: Guid(0f7b5615c4877954cb759fa9a4705eaf) Importer(815301076,1909f56bfc062723c751e8b465ee728b)
Start importing Assets/FBX INTER/FBX Diego/Escritorio .fbx using Guid(0f7b5615c4877954cb759fa9a4705eaf) Importer(815301076,1909f56bfc062723c751e8b465ee728b)  -> (artifact id: 'cf8716dfe249f0f21d0b4a15f406366e') in 0.174396 seconds 
========================================================================
Received Import Request.
  Time since last request: 0.000192 seconds.
  path: Assets/FBX INTER/FBX Diego/Mesa para proyecto.fbx
  artifactKey: Guid(1f2a69a67912fcc42a4e728aae155e7a) Importer(815301076,1909f56bfc062723c751e8b465ee728b)
Start importing Assets/FBX INTER/FBX Diego/Mesa para proyecto.fbx using Guid(1f2a69a67912fcc42a4e728aae155e7a) Importer(815301076,1909f56bfc062723c751e8b465ee728b)  -> (artifact id: '56624d42d161c5e7689d64ee24ce1aa5') in 0.030918 seconds 
========================================================================
Received Import Request.
  Time since last request: 0.000226 seconds.
  path: Assets/FBX INTER/FBX Diego/Silla para proyecto.fbx
  artifactKey: Guid(ffe4d3020e481774f870e250e4a71cd0) Importer(815301076,1909f56bfc062723c751e8b465ee728b)
Start importing Assets/FBX INTER/FBX Diego/Silla para proyecto.fbx using Guid(ffe4d3020e481774f870e250e4a71cd0) Importer(815301076,1909f56bfc062723c751e8b465ee728b)  -> (artifact id: 'e3ed8f0fb6b2177ee601710904063764') in 0.039494 seconds 
========================================================================
Received Import Request.
  Time since last request: 0.000247 seconds.
  path: Assets/FBX INTER/FBX Diego/Libreria para proyecto.fbx
  artifactKey: Guid(d0625caf7451efd488d9f2ba7b21886a) Importer(815301076,1909f56bfc062723c751e8b465ee728b)
Start importing Assets/FBX INTER/FBX Diego/Libreria para proyecto.fbx using Guid(d0625caf7451efd488d9f2ba7b21886a) Importer(815301076,1909f56bfc062723c751e8b465ee728b)  -> (artifact id: '0ae10f48d8a7014273e6bbf40002eefa') in 0.099266 seconds 
========================================================================
Received Import Request.
  Time since last request: 0.000261 seconds.
  path: Assets/FBX INTER/FBX Diego/TV para proyecto.fbx
  artifactKey: Guid(8c4332859a0517f4da9cb25f3fe86331) Importer(815301076,1909f56bfc062723c751e8b465ee728b)
Start importing Assets/FBX INTER/FBX Diego/TV para proyecto.fbx using Guid(8c4332859a0517f4da9cb25f3fe86331) Importer(815301076,1909f56bfc062723c751e8b465ee728b)  -> (artifact id: '52137aae4ea795febd2d45529dcd8daf') in 0.042552 seconds 
AssetImportWorkerClient::OnTransportError - code=2 error=End of file
